# JRE version: Java(TM) SE Runtime Environment (17.0.10+11) (build 17.0.10+11-LTS-240)
# Java VM: Java HotSpot(TM) 64-Bit Server VM (17.0.10+11-LTS-240, mixed mode, sharing, tiered, compressed oops, compressed class ptrs, g1 gc, windows-amd64)
GC Precious Log:
 CPUs: 16 total, 16 available
 Memory: 7596M
 Large Page Support: Disabled
 NUMA Support: Disabled
 Compressed Oops: Enabled (32-bit)
 Heap Region Size: 1M
 Heap Min Capacity: 128M
 Heap Initial Capacity: 128M
 Heap Max Capacity: 512M
 Pre-touch: Disabled
 Parallel Workers: 13
 Concurrent Workers: 3
 Concurrent Refinement Workers: 13
 Periodic GC: Disabled
Heap:
 garbage-first heap   total 131072K, used 57796K [0x00000000e0000000, 0x0000000100000000)
  region size 1024K, 25 young (25600K), 10 survivors (10240K)
 Metaspace       used 27634K, committed 27968K, reserved 278528K
  class space    used 3129K, committed 3264K, reserved 212992K
GC Heap History (12 events):
Event: 1.588 GC heap before
{Heap before GC invocations=0 (full 0):
 garbage-first heap   total 131072K, used 23552K [0x00000000e0000000, 0x0000000100000000)
  region size 1024K, 23 young (23552K), 0 survivors (0K)
 Metaspace       used 5390K, committed 5632K, reserved 278528K
  class space    used 642K, committed 768K, reserved 212992K
}
Event: 1.597 GC heap after
{Heap after GC invocations=1 (full 0):
 garbage-first heap   total 131072K, used 3661K [0x00000000e0000000, 0x0000000100000000)
  region size 1024K, 3 young (3072K), 3 survivors (3072K)
 Metaspace       used 5390K, committed 5632K, reserved 278528K
  class space    used 642K, committed 768K, reserved 212992K
}
Event: 2.616 GC heap before
{Heap before GC invocations=1 (full 0):
 garbage-first heap   total 131072K, used 35405K [0x00000000e0000000, 0x0000000100000000)
  region size 1024K, 34 young (34816K), 3 survivors (3072K)
 Metaspace       used 8941K, committed 9088K, reserved 278528K
  class space    used 1080K, committed 1152K, reserved 212992K
}
Event: 2.622 GC heap after
{Heap after GC invocations=2 (full 0):
 garbage-first heap   total 131072K, used 5124K [0x00000000e0000000, 0x0000000100000000)
  region size 1024K, 2 young (2048K), 2 survivors (2048K)
 Metaspace       used 8941K, committed 9088K, reserved 278528K
  class space    used 1080K, committed 1152K, reserved 212992K
}
Event: 4.821 GC heap before
{Heap before GC invocations=2 (full 0):
 garbage-first heap   total 131072K, used 80900K [0x00000000e0000000, 0x0000000100000000)
  region size 1024K, 76 young (77824K), 2 survivors (2048K)
 Metaspace       used 15533K, committed 15744K, reserved 278528K
  class space    used 1836K, committed 1920K, reserved 212992K
}
Event: 4.842 GC heap after
{Heap after GC invocations=3 (full 0):
 garbage-first heap   total 131072K, used 12729K [0x00000000e0000000, 0x0000000100000000)
  region size 1024K, 9 young (9216K), 9 survivors (9216K)
 Metaspace       used 15533K, committed 15744K, reserved 278528K
  class space    used 1836K, committed 1920K, reserved 212992K
}
Event: 6.173 GC heap before
{Heap before GC invocations=3 (full 0):
 garbage-first heap   total 131072K, used 81337K [0x00000000e0000000, 0x0000000100000000)
  region size 1024K, 76 young (77824K), 9 survivors (9216K)
 Metaspace       used 16248K, committed 16448K, reserved 278528K
  class space    used 1847K, committed 1920K, reserved 212992K
}
Event: 6.189 GC heap after
{Heap after GC invocations=4 (full 0):
 garbage-first heap   total 131072K, used 16718K [0x00000000e0000000, 0x0000000100000000)
  region size 1024K, 4 young (4096K), 4 survivors (4096K)
 Metaspace       used 16248K, committed 16448K, reserved 278528K
  class space    used 1847K, committed 1920K, reserved 212992K
}
Event: 7.918 GC heap before
{Heap before GC invocations=4 (full 0):
 garbage-first heap   total 131072K, used 106830K [0x00000000e0000000, 0x0000000100000000)
  region size 1024K, 56 young (57344K), 4 survivors (4096K)
 Metaspace       used 21286K, committed 21504K, reserved 278528K
  class space    used 2454K, committed 2560K, reserved 212992K
}
Event: 7.927 GC heap after
{Heap after GC invocations=5 (full 0):
 garbage-first heap   total 131072K, used 26062K [0x00000000e0000000, 0x0000000100000000)
  region size 1024K, 10 young (10240K), 10 survivors (10240K)
 Metaspace       used 21286K, committed 21504K, reserved 278528K
  class space    used 2454K, committed 2560K, reserved 212992K
}
Event: 9.276 GC heap before
{Heap before GC invocations=6 (full 0):
 garbage-first heap   total 131072K, used 95694K [0x00000000e0000000, 0x0000000100000000)
  region size 1024K, 76 young (77824K), 10 survivors (10240K)
 Metaspace       used 26888K, committed 27200K, reserved 278528K
  class space    used 3042K, committed 3200K, reserved 212992K
}
Event: 9.297 GC heap after
{Heap after GC invocations=7 (full 0):
 garbage-first heap   total 131072K, used 44484K [0x00000000e0000000, 0x0000000100000000)
  region size 1024K, 10 young (10240K), 10 survivors (10240K)
 Metaspace       used 26888K, committed 27200K, reserved 278528K
  class space    used 3042K, committed 3200K, reserved 212992K
}

