# JRE version: Java(TM) SE Runtime Environment (17.0.10+11) (build 17.0.10+11-LTS-240)
# Java VM: Java HotSpot(TM) 64-Bit Server VM (17.0.10+11-LTS-240, mixed mode, sharing, tiered, compressed oops, compressed class ptrs, g1 gc, windows-amd64)
GC Precious Log:
 CPUs: 16 total, 16 available
 Memory: 7596M
 Large Page Support: Disabled
 NUMA Support: Disabled
 Compressed Oops: Enabled (32-bit)
 Heap Region Size: 1M
 Heap Min Capacity: 8M
 Heap Initial Capacity: 120M
 Heap Max Capacity: 1900M
 Pre-touch: Disabled
 Parallel Workers: 13
 Concurrent Workers: 3
 Concurrent Refinement Workers: 13
 Periodic GC: Disabled
Heap:
 garbage-first heap   total 122880K, used 46060K [0x0000000089400000, 0x0000000100000000)
  region size 1024K, 3 young (3072K), 3 survivors (3072K)
 Metaspace       used 26217K, committed 26496K, reserved 1114112K
  class space    used 2989K, committed 3136K, reserved 1048576K
GC Heap History (17 events):
Event: 1.127 GC heap before
{Heap before GC invocations=0 (full 0):
 garbage-first heap   total 122880K, used 23552K [0x0000000089400000, 0x0000000100000000)
  region size 1024K, 23 young (23552K), 0 survivors (0K)
 Metaspace       used 5368K, committed 5568K, reserved 1114112K
  class space    used 637K, committed 704K, reserved 1048576K
}
Event: 1.137 GC heap after
{Heap after GC invocations=1 (full 0):
 garbage-first heap   total 122880K, used 3592K [0x0000000089400000, 0x0000000100000000)
  region size 1024K, 3 young (3072K), 3 survivors (3072K)
 Metaspace       used 5368K, committed 5568K, reserved 1114112K
  class space    used 637K, committed 704K, reserved 1048576K
}
Event: 1.948 GC heap before
{Heap before GC invocations=1 (full 0):
 garbage-first heap   total 122880K, used 35336K [0x0000000089400000, 0x0000000100000000)
  region size 1024K, 34 young (34816K), 3 survivors (3072K)
 Metaspace       used 8869K, committed 9024K, reserved 1114112K
  class space    used 1068K, committed 1152K, reserved 1048576K
}
Event: 1.954 GC heap after
{Heap after GC invocations=2 (full 0):
 garbage-first heap   total 122880K, used 5186K [0x0000000089400000, 0x0000000100000000)
  region size 1024K, 2 young (2048K), 2 survivors (2048K)
 Metaspace       used 8869K, committed 9024K, reserved 1114112K
  class space    used 1068K, committed 1152K, reserved 1048576K
}
Event: 3.934 GC heap before
{Heap before GC invocations=2 (full 0):
 garbage-first heap   total 122880K, used 76866K [0x0000000089400000, 0x0000000100000000)
  region size 1024K, 72 young (73728K), 2 survivors (2048K)
 Metaspace       used 15448K, committed 15616K, reserved 1114112K
  class space    used 1836K, committed 1920K, reserved 1048576K
}
Event: 3.952 GC heap after
{Heap after GC invocations=3 (full 0):
 garbage-first heap   total 122880K, used 13006K [0x0000000089400000, 0x0000000100000000)
  region size 1024K, 9 young (9216K), 9 survivors (9216K)
 Metaspace       used 15448K, committed 15616K, reserved 1114112K
  class space    used 1836K, committed 1920K, reserved 1048576K
}
Event: 5.129 GC heap before
{Heap before GC invocations=3 (full 0):
 garbage-first heap   total 122880K, used 77518K [0x0000000089400000, 0x0000000100000000)
  region size 1024K, 72 young (73728K), 9 survivors (9216K)
 Metaspace       used 16223K, committed 16448K, reserved 1114112K
  class space    used 1847K, committed 1920K, reserved 1048576K
}
Event: 5.148 GC heap after
{Heap after GC invocations=4 (full 0):
 garbage-first heap   total 122880K, used 16766K [0x0000000089400000, 0x0000000100000000)
  region size 1024K, 4 young (4096K), 4 survivors (4096K)
 Metaspace       used 16223K, committed 16448K, reserved 1114112K
  class space    used 1847K, committed 1920K, reserved 1048576K
}
Event: 6.826 GC heap before
{Heap before GC invocations=4 (full 0):
 garbage-first heap   total 122880K, used 107902K [0x0000000089400000, 0x0000000100000000)
  region size 1024K, 59 young (60416K), 4 survivors (4096K)
 Metaspace       used 19904K, committed 20160K, reserved 1114112K
  class space    used 2262K, committed 2368K, reserved 1048576K
}
Event: 6.837 GC heap after
{Heap after GC invocations=5 (full 0):
 garbage-first heap   total 122880K, used 23341K [0x0000000089400000, 0x0000000100000000)
  region size 1024K, 9 young (9216K), 9 survivors (9216K)
 Metaspace       used 19904K, committed 20160K, reserved 1114112K
  class space    used 2262K, committed 2368K, reserved 1048576K
}
Event: 6.968 GC heap before
{Heap before GC invocations=5 (full 0):
 garbage-first heap   total 122880K, used 30509K [0x0000000089400000, 0x0000000100000000)
  region size 1024K, 15 young (15360K), 9 survivors (9216K)
 Metaspace       used 21288K, committed 21504K, reserved 1114112K
  class space    used 2454K, committed 2560K, reserved 1048576K
}
Event: 6.982 GC heap after
{Heap after GC invocations=6 (full 0):
 garbage-first heap   total 122880K, used 26220K [0x0000000089400000, 0x0000000100000000)
  region size 1024K, 4 young (4096K), 4 survivors (4096K)
 Metaspace       used 21288K, committed 21504K, reserved 1114112K
  class space    used 2454K, committed 2560K, reserved 1048576K
}
Event: 7.992 GC heap before
{Heap before GC invocations=7 (full 0):
 garbage-first heap   total 92160K, used 67180K [0x0000000089400000, 0x0000000100000000)
  region size 1024K, 43 young (44032K), 4 survivors (4096K)
 Metaspace       used 25516K, committed 25792K, reserved 1114112K
  class space    used 2911K, committed 3072K, reserved 1048576K
}
Event: 8.005 GC heap after
{Heap after GC invocations=8 (full 0):
 garbage-first heap   total 92160K, used 41406K [0x0000000089400000, 0x0000000100000000)
  region size 1024K, 6 young (6144K), 6 survivors (6144K)
 Metaspace       used 25516K, committed 25792K, reserved 1114112K
  class space    used 2911K, committed 3072K, reserved 1048576K
}
Event: 8.018 GC heap before
{Heap before GC invocations=8 (full 0):
 garbage-first heap   total 92160K, used 42430K [0x0000000089400000, 0x0000000100000000)
  region size 1024K, 7 young (7168K), 6 survivors (6144K)
 Metaspace       used 25516K, committed 25792K, reserved 1114112K
  class space    used 2911K, committed 3072K, reserved 1048576K
}
Event: 8.027 GC heap after
{Heap after GC invocations=9 (full 0):
 garbage-first heap   total 92160K, used 42453K [0x0000000089400000, 0x0000000100000000)
  region size 1024K, 1 young (1024K), 1 survivors (1024K)
 Metaspace       used 25516K, committed 25792K, reserved 1114112K
  class space    used 2911K, committed 3072K, reserved 1048576K
}
Event: 8.294 GC heap before
{Heap before GC invocations=9 (full 0):
 garbage-first heap   total 92160K, used 61909K [0x0000000089400000, 0x0000000100000000)
  region size 1024K, 20 young (20480K), 1 survivors (1024K)
 Metaspace       used 26217K, committed 26496K, reserved 1114112K
  class space    used 2989K, committed 3136K, reserved 1048576K
}

